<?xml version="1.0" encoding="UTF-8"?>
<!-- Generated by org.testng.reporters.JUnitXMLReporter -->
<testsuite ignored="0" hostname="GURL5CG0240ZK6" failures="0" tests="4" name="Command line test" time="0.033" errors="0" timestamp="12 May 2022 09:05:58 GMT">
  <testcase classname="DRYRUNFORMAVEN1.NewMavenProject.class1Test" name="Test1" time="0.01"/>
  <testcase classname="DRYRUNFORMAVEN1.NewMavenProject.class1Test" name="Test2" time="0.0"/>
  <testcase classname="DRYRUNFORMAVEN1.NewMavenProject.class2Test" name="Test3" time="0.0"/>
  <testcase classname="DRYRUNFORMAVEN1.NewMavenProject.class2Test" name="Test4" time="0.0"/>
</testsuite> <!-- Command line test -->
