<?xml version="1.0" encoding="UTF-8"?>
<!-- Generated by org.testng.reporters.JUnitXMLReporter -->
<testsuite ignored="0" hostname="GURL5CG0240ZK6" failures="0" tests="5" name="Test" time="4.397" errors="0" timestamp="12 May 2022 11:09:10 GMT">
  <testcase classname="DRYRUNFORMAVEN1.NewMavenProject.class2Test" name="Test3" time="0.006"/>
  <testcase classname="DRYRUNFORMAVEN1.NewMavenProject.class2Test" name="Test4" time="0.0"/>
  <testcase classname="DRYRUNFORMAVEN1.NewMavenProject.class1Test" name="Test1" time="0.0"/>
  <testcase classname="DRYRUNFORMAVEN1.NewMavenProject.class1Test" name="Test2" time="0.0"/>
  <testcase classname="DRYRUNFORMAVEN1.NewMavenProject.Selenium1" name="seleniumtest" time="4.371"/>
</testsuite> <!-- Test -->
