<?xml version="1.0" encoding="UTF-8"?>
<testng-results ignored="0" total="5" passed="5" failed="0" skipped="0">
  <reporter-output>
  </reporter-output>
  <suite started-at="2022-05-12T11:09:06Z" name="Suite" finished-at="2022-05-12T11:09:10Z" duration-ms="4397">
    <groups>
    </groups>
    <test started-at="2022-05-12T11:09:06Z" name="Test" finished-at="2022-05-12T11:09:10Z" duration-ms="4397">
      <class name="DRYRUNFORMAVEN1.NewMavenProject.class1Test">
        <test-method signature="Test1()[pri:0, instance:DRYRUNFORMAVEN1.NewMavenProject.class1Test@a82c5f1]" started-at="2022-05-12T16:39:06Z" name="Test1" finished-at="2022-05-12T16:39:06Z" duration-ms="0" status="PASS">
          <reporter-output>
          </reporter-output>
        </test-method> <!-- Test1 -->
        <test-method signature="Test2()[pri:0, instance:DRYRUNFORMAVEN1.NewMavenProject.class1Test@a82c5f1]" started-at="2022-05-12T16:39:06Z" name="Test2" finished-at="2022-05-12T16:39:06Z" duration-ms="0" status="PASS">
          <reporter-output>
          </reporter-output>
        </test-method> <!-- Test2 -->
      </class> <!-- DRYRUNFORMAVEN1.NewMavenProject.class1Test -->
      <class name="DRYRUNFORMAVEN1.NewMavenProject.Selenium1">
        <test-method signature="seleniumtest()[pri:0, instance:DRYRUNFORMAVEN1.NewMavenProject.Selenium1@7b7fdc8]" started-at="2022-05-12T16:39:06Z" name="seleniumtest" finished-at="2022-05-12T16:39:10Z" duration-ms="4371" status="PASS">
          <reporter-output>
          </reporter-output>
        </test-method> <!-- seleniumtest -->
      </class> <!-- DRYRUNFORMAVEN1.NewMavenProject.Selenium1 -->
      <class name="DRYRUNFORMAVEN1.NewMavenProject.class2Test">
        <test-method signature="Test3()[pri:0, instance:DRYRUNFORMAVEN1.NewMavenProject.class2Test@266374ef]" started-at="2022-05-12T16:39:06Z" name="Test3" finished-at="2022-05-12T16:39:06Z" duration-ms="6" status="PASS">
          <reporter-output>
          </reporter-output>
        </test-method> <!-- Test3 -->
        <test-method signature="Test4()[pri:0, instance:DRYRUNFORMAVEN1.NewMavenProject.class2Test@266374ef]" started-at="2022-05-12T16:39:06Z" name="Test4" finished-at="2022-05-12T16:39:06Z" duration-ms="0" status="PASS">
          <reporter-output>
          </reporter-output>
        </test-method> <!-- Test4 -->
      </class> <!-- DRYRUNFORMAVEN1.NewMavenProject.class2Test -->
    </test> <!-- Test -->
  </suite> <!-- Suite -->
</testng-results>
