<?xml version="1.0" encoding="UTF-8"?>
<testsuite xmlns:xsi="http://www.w3.org/2001/XMLSchema-instance" xsi:noNamespaceSchemaLocation="https://maven.apache.org/surefire/maven-surefire-plugin/xsd/surefire-test-report.xsd" name="TestSuite" time="5.891" tests="5" errors="0" skipped="0" failures="0">
  <properties>
[...]
</properties>
  <testcase name="Test3" classname="DRYRUNFORMAVEN1.NewMavenProject.class2Test" time="0.005"/>
  <testcase name="Test4" classname="DRYRUNFORMAVEN1.NewMavenProject.class2Test" time="0"/>
  <testcase name="Test1" classname="DRYRUNFORMAVEN1.NewMavenProject.class1Test" time="0.004"/>
  <testcase name="Test2" classname="DRYRUNFORMAVEN1.NewMavenProject.class1Test" time="0.002"/>
  <testcase name="seleniumtest" classname="DRYRUNFORMAVEN1.NewMavenProject.Selenium1" time="4.366"/>
</testsuite>