<?xml version="1.0" encoding="UTF-8"?>
<testng-results ignored="0" total="4" passed="4" failed="0" skipped="0">
  <reporter-output>
  </reporter-output>
  <suite started-at="2022-05-12T08:41:30Z" name="Command line suite" finished-at="2022-05-12T08:41:30Z" duration-ms="28">
    <groups>
    </groups>
    <test started-at="2022-05-12T08:41:30Z" name="Command line test" finished-at="2022-05-12T08:41:30Z" duration-ms="28">
      <class name="DRYRUNFORMAVEN1.NewMavenProject.class1Test">
        <test-method signature="Test1()[pri:0, instance:DRYRUNFORMAVEN1.NewMavenProject.class1Test@2b6faea6]" started-at="2022-05-12T14:11:30Z" name="Test1" finished-at="2022-05-12T14:11:30Z" duration-ms="6" status="PASS">
          <reporter-output>
          </reporter-output>
        </test-method> <!-- Test1 -->
        <test-method signature="Test2()[pri:0, instance:DRYRUNFORMAVEN1.NewMavenProject.class1Test@2b6faea6]" started-at="2022-05-12T14:11:30Z" name="Test2" finished-at="2022-05-12T14:11:30Z" duration-ms="0" status="PASS">
          <reporter-output>
          </reporter-output>
        </test-method> <!-- Test2 -->
      </class> <!-- DRYRUNFORMAVEN1.NewMavenProject.class1Test -->
      <class name="DRYRUNFORMAVEN1.NewMavenProject.class2Test">
        <test-method signature="Test3()[pri:0, instance:DRYRUNFORMAVEN1.NewMavenProject.class2Test@49c386c8]" started-at="2022-05-12T14:11:30Z" name="Test3" finished-at="2022-05-12T14:11:30Z" duration-ms="0" status="PASS">
          <reporter-output>
          </reporter-output>
        </test-method> <!-- Test3 -->
        <test-method signature="Test4()[pri:0, instance:DRYRUNFORMAVEN1.NewMavenProject.class2Test@49c386c8]" started-at="2022-05-12T14:11:30Z" name="Test4" finished-at="2022-05-12T14:11:30Z" duration-ms="0" status="PASS">
          <reporter-output>
          </reporter-output>
        </test-method> <!-- Test4 -->
      </class> <!-- DRYRUNFORMAVEN1.NewMavenProject.class2Test -->
    </test> <!-- Command line test -->
  </suite> <!-- Command line suite -->
</testng-results>
