<?xml version="1.0" encoding="UTF-8"?>
<testng-results ignored="0" total="4" passed="4" failed="0" skipped="0">
  <reporter-output>
  </reporter-output>
  <suite started-at="2022-05-12T08:13:13Z" name="Suite" finished-at="2022-05-12T08:13:14Z" duration-ms="40">
    <groups>
    </groups>
    <test started-at="2022-05-12T08:13:13Z" name="Test" finished-at="2022-05-12T08:13:14Z" duration-ms="40">
      <class name="DRYRUNFORMAVEN1.NewMavenProject.class1Test">
        <test-method signature="Test1()[pri:0, instance:DRYRUNFORMAVEN1.NewMavenProject.class1Test@727eb8cb]" started-at="2022-05-12T13:43:13Z" name="Test1" finished-at="2022-05-12T13:43:13Z" duration-ms="1" status="PASS">
          <reporter-output>
          </reporter-output>
        </test-method> <!-- Test1 -->
        <test-method signature="Test2()[pri:0, instance:DRYRUNFORMAVEN1.NewMavenProject.class1Test@727eb8cb]" started-at="2022-05-12T13:43:13Z" name="Test2" finished-at="2022-05-12T13:43:14Z" duration-ms="1" status="PASS">
          <reporter-output>
          </reporter-output>
        </test-method> <!-- Test2 -->
      </class> <!-- DRYRUNFORMAVEN1.NewMavenProject.class1Test -->
      <class name="DRYRUNFORMAVEN1.NewMavenProject.class2Test">
        <test-method signature="Test3()[pri:0, instance:DRYRUNFORMAVEN1.NewMavenProject.class2Test@4eaf3684]" started-at="2022-05-12T13:43:13Z" name="Test3" finished-at="2022-05-12T13:43:13Z" duration-ms="7" status="PASS">
          <reporter-output>
          </reporter-output>
        </test-method> <!-- Test3 -->
        <test-method signature="Test4()[pri:0, instance:DRYRUNFORMAVEN1.NewMavenProject.class2Test@4eaf3684]" started-at="2022-05-12T13:43:13Z" name="Test4" finished-at="2022-05-12T13:43:13Z" duration-ms="1" status="PASS">
          <reporter-output>
          </reporter-output>
        </test-method> <!-- Test4 -->
      </class> <!-- DRYRUNFORMAVEN1.NewMavenProject.class2Test -->
    </test> <!-- Test -->
  </suite> <!-- Suite -->
</testng-results>
